127.06 7.69 24.17 -186.000 418.000 -232.000 185.000 301.000 -4.370 14 0 0 200901191729A
96.09 15.48 12.00 -29.400 26.000 3.450 20.600 10.600 37.300 15 0 0 200903051549A
91.95 10.85 15.00 -28.800 -1.800 30.600 13.300 -48.800 8.370 15 0 0 200903111258A
133.91 43.37 444.54 7.210 -1.650 -5.570 -2.510 -6.260 2.070 16 0 0 200903130907A
151.97 46.06 50.14 29.700 -14.300 -15.400 5.860 11.700 -16.000 16 0 0 200904171452A
129.91 27.09 12.00 -41.600 6.530 35.000 7.030 8.100 31.500 15 0 0 200904200722A
155.59 50.64 151.84 -2.160 -529.000 531.000 -1150.000 -1990.000 -538.000 15 0 0 200904210526A
161.53 55.83 147.48 34.000 -16.700 -17.300 -2.090 62.400 23.400 15 0 0 200904230211A
140.36 26.21 414.74 -46.200 -16.500 62.700 -87.700 6.410 21.400 15 0 0 200905011257A
95.12 12.11 12.00 -6.220 3.590 2.630 2.120 1.570 4.500 16 0 0 200906222310A
120.61 13.8 132.30 36.600 -30.100 -6.560 22.400 37.300 56.500 15 0 0 200907040041A
148.39 47.78 387.66 8.110 7.590 -15.700 44.900 -124.000 -20.500 15 0 0 200907100049A
101.1 25.54 14.86 6.120 -47.500 41.400 -5.640 6.270 -49.300 15 0 0 200907100902A
122.06 10.0 19.30 37.400 -7.870 -29.500 -28.400 -44.600 -15.600 15 0 0 200907111519A
133.24 42.39 485.47 -1.270 76.100 -74.800 33.900 -52.400 -44.800 15 0 0 200907160629A
94.46 10.76 12.00 -53.100 44.500 8.580 14.500 1.100 14.900 15 0 0 200907262149A
145.54 19.0 230.54 2.480 1.980 -4.460 -3.460 -2.800 5.120 16 0 0 200908031418A
138.19 33.05 301.77 3.410 1.590 -5.000 -7.690 -45.700 -15.800 18 0 0 200908091055A
150.21 46.33 162.79 9.110 26.800 -35.900 39.500 25.200 -4.330 15 0 0 200908221318A
140.18 41.05 170.82 -70.900 -25.500 96.300 44.500 81.000 -7.070 15 0 0 200908240526A
124.07 9.4 572.58 -9.210 4.020 5.180 -3.100 6.920 -3.970 16 0 0 200908262220A
162.44 54.63 34.18 -16.600 9.040 7.520 -4.820 35.800 -37.000 15 0 0 200910232000B
91.62 27.2 15.06 12.000 -15.600 3.600 57.800 -5.710 4.190 15 0 0 200910291700A
134.93 42.12 390.36 55.200 4.790 -60.000 -20.100 -349.000 -155.000 16 0 0 200912240023A
144.12 14.63 12.00 -90.000 2.940 87.000 9.510 9.210 16.700 15 0 0 201003061723A
128.25 28.73 12.00 -5.900 10.200 -4.330 1.140 1.620 3.030 16 0 0 201003150935A
101.63 30.51 25.37 -5.020 49.900 -44.900 -10.000 5.880 -20.800 15 0 0 201004272022A
123.59 6.54 596.75 -39.400 32.300 7.060 -31.800 -99.000 31.900 18 0 0 201007232208A
123.9 6.62 576.92 -15.500 4.570 10.900 3.960 -32.700 8.550 19 0 0 201007232251A
123.48 6.83 641.44 -138.000 104.000 33.100 -50.800 -150.000 2.680 18 0 0 201007232315A
123.56 6.86 608.48 -37.400 29.200 8.270 -31.400 -88.100 -25.200 15 0 0 201007250818A
155.01 49.61 136.31 -3.570 14.500 -10.900 23.200 6.890 -11.600 16 0 0 201007251257A
123.27 6.76 634.57 -8.630 6.030 2.610 -6.460 8.680 -9.260 16 0 0 201007262306A
123.41 6.69 614.02 -21.000 23.100 -2.010 -55.800 -82.700 11.700 17 0 0 201007290731A
139.56 27.71 504.16 -48.400 51.800 -3.460 62.700 -58.000 5.080 15 0 0 201007302043A
128.32 29.48 236.00 -13.100 10.400 2.640 -117.000 -38.000 -29.000 15 0 0 201008071604A
148.66 48.13 394.13 11.600 -7.470 -4.080 -2.910 -6.900 10.100 16 0 0 201008130133A
138.02 31.99 367.39 -30.700 -21.800 52.500 -5.550 -90.800 -1.700 15 0 0 201008182333A
123.73 7.1 608.73 -37.300 28.700 8.560 -11.800 -78.500 21.700 15 0 0 201008242048A
136.87 36.19 281.32 -37.000 131.000 -94.100 -61.000 70.400 -6.180 15 0 0 201008261508B
144.97 13.58 135.01 -6.960 29.200 -22.200 13.400 16.800 -35.000 15 0 0 201008312116A
123.68 6.91 605.73 -1.410 5.770 -4.370 1.000 -4.110 2.990 16 0 0 201010050826A
143.15 42.14 62.45 20.600 -7.160 -13.400 3.040 13.500 -14.400 16 0 0 201010141358A
141.43 34.33 16.12 57.300 2.790 -60.100 23.700 18.700 17.200 15 0 0 201010301906A
146.87 46.82 362.35 7.090 1.800 -8.890 3.530 -15.700 -8.120 16 0 0 201011021810A
122.97 12.92 16.16 -4.340 486.000 -482.000 98.300 -9.110 233.000 15 0 0 201011051640A
119.59 15.17 22.33 156.000 19.600 -175.000 -39.400 -117.000 -7.640 15 0 0 201011101030A
146.83 18.58 43.74 94.300 8.400 -103.000 -4.740 23.000 9.310 15 0 0 201012181402A
141.17 25.45 12.00 97.900 -33.400 -64.400 -14.400 -6.720 -9.750 15 0 0 201012250555A
143.78 26.97 12.00 -40.700 25.800 14.900 31.300 -1.350 -21.900 15 0 0 201012251141A
142.85 21.71 319.07 15.200 -10.500 -4.680 11.600 2.920 -9.160 16 0 0 201101291238A
120.53 14.16 138.16 486.000 -265.000 -222.000 329.000 -590.000 9.700 14 0 0 201102220210A
143.98 22.23 106.27 5.240 4.040 -9.290 -22.600 6.720 -5.230 16 0 0 201102221409A
140.45 31.46 90.51 -3.370 101.000 -98.000 66.600 129.000 -25.500 15 0 0 201102232214A
141.86 35.83 12.00 20.800 4.180 -25.000 81.200 -62.900 -24.100 15 0 0 201103121146A
141.11 36.93 49.91 60.400 -6.740 -53.600 -22.300 -11.400 31.700 15 0 0 201103140652A
121.57 56.68 16.16 -4.050 36.800 -32.700 -8.630 -4.950 33.800 15 0 0 201103161712A
142.27 39.17 37.83 -38.500 15.100 23.400 7.630 49.900 -21.800 15 0 0 201103221549A
123.98 25.3 138.08 -22.700 -1.580 24.300 -38.700 -41.000 4.440 16 0 0 201104160111A
140.0 36.4 80.59 33.400 4.380 -37.700 31.700 29.500 -11.300 16 0 0 201104160219A
139.24 27.88 517.34 -1.990 4.950 -2.960 3.470 -4.720 -1.180 16 0 0 201104160920A
121.92 21.24 184.73 -5.300 -1.540 6.850 -9.180 -2.530 5.870 16 0 0 201104291312A
130.98 43.61 564.45 7.440 21.600 -29.100 15.300 -32.400 23.300 16 0 0 201105101526A
146.37 42.95 36.82 42.100 1.360 -43.500 31.200 17.600 -18.500 15 0 0 201105142230A
142.67 37.29 72.42 -1.170 4.540 -3.370 1.590 1.910 -1.530 16 0 0 201105151214A
121.91 17.31 13.02 1.240 -6.040 4.810 1.130 1.720 2.790 16 0 0 201105211308A
120.68 13.67 127.70 40.400 -5.930 -34.500 2.290 13.600 7.390 16 0 0 201105221642A
147.52 49.18 568.69 -4.670 5.810 -1.140 -7.580 -1.650 -6.500 16 0 0 201105251002A
140.6 27.12 476.64 -703.000 -4.790 708.000 443.000 96.800 32.700 14 0 0 201106012334A
142.51 39.99 41.35 105.000 4.550 -109.000 12.500 112.000 -3.300 17 0 0 201106222150A
123.4 6.67 598.22 -32.500 3.130 29.400 -21.500 -119.000 23.700 15 0 0 201106241723A
123.74 25.01 126.82 -8.140 23.300 -15.200 -75.100 -29.100 -11.700 15 0 0 201107130719A
139.97 27.1 476.25 -45.800 7.490 38.300 -10.200 -94.500 -85.700 15 0 0 201107151800A
108.43 52.93 24.00 -10.800 5.740 5.010 -2.890 2.750 5.030 16 0 0 201107161838A
152.96 52.76 499.11 -5.790 2.980 2.810 -5.120 -17.700 4.060 16 0 0 201107181815A
138.39 34.65 19.15 93.600 -97.200 3.610 41.800 -14.700 12.700 16 0 0 201108011458A
147.61 47.9 402.62 49.900 -10.900 -39.000 5.650 -59.500 16.900 15 0 0 201109190907A
123.46 7.46 608.56 -103.000 -16.000 119.000 -2.590 -34.200 -4.020 15 0 0 201110010421A
140.35 26.73 439.61 -31.400 18.400 12.900 -25.800 -3.480 -10.500 16 0 0 201110040137A
142.21 41.65 57.41 88.200 1.490 -89.700 34.200 55.500 -26.100 15 0 0 201110070251A
142.52 43.83 191.48 -7.620 9.280 -1.670 14.100 -2.470 14.000 17 0 0 201110210802A
122.91 25.32 213.10 16.300 -21.700 5.410 34.300 -7.470 -6.120 16 0 0 201110300323A
125.77 27.13 230.60 -26.500 1.230 25.300 -8.420 -10.700 -5.500 18 0 0 201111080259A
132.8 34.86 16.97 -4.810 46.100 -41.200 -6.220 -19.200 -21.000 15 0 0 201111211016A
142.94 41.79 43.46 15.400 -3.550 -11.900 5.820 14.200 -6.840 17 0 0 201111241025A
97.67 25.09 17.62 -1.210 43.100 -41.900 9.580 -6.470 52.700 15 0 0 201111281506A
144.6 46.93 389.99 6.900 23.400 -30.300 -29.000 -33.200 -21.900 16 0 0 201112091942A
142.97 50.7 16.40 -1.780 60.300 -58.500 9.780 -5.930 14.900 15 0 0 201112120928A
138.44 30.87 414.27 -9.700 -1.110 10.800 -4.570 -78.500 -25.100 15 0 0 201112301707A
138.17 31.61 351.95 -3.730 -1.110 4.840 -2.620 -17.700 -5.190 18 0 0 201201010527A
126.26 8.56 201.54 1.160 3.860 -5.020 3.470 1.940 1.790 16 0 0 201201241034A
142.62 21.67 303.11 85.200 -75.900 -9.290 32.900 34.500 -26.400 15 0 0 201201262204A
124.57 5.89 384.71 -3.600 -3.510 7.100 -2.120 -11.500 -4.060 16 0 0 201201290006A
123.13 9.9 12.00 82.300 -92.800 10.500 -42.500 6.180 -116.000 16 0 0 201202061010A
142.18 45.53 317.84 -2.880 1.820 1.060 7.850 1.450 -3.290 16 0 0 201202071330A
146.07 19.14 119.21 5.600 23.100 -28.700 -53.500 22.000 12.000 15 0 0 201202250112A
120.7 22.69 25.00 34.700 6.150 -40.800 -6.600 -89.900 23.100 16 0 0 201202260234A
96.0 51.69 20.46 8.360 -7.010 -1.350 1.290 -2.570 9.720 18 0 0 201202260617A
96.03 51.74 17.61 44.400 -57.000 12.600 16.000 1.480 6.380 15 0 0 201202261159A
139.31 28.23 504.11 -21.100 56.500 -35.400 1.730 -259.000 -30.600 15 0 0 201202281507A
147.87 45.09 124.94 22.100 96.900 -119.000 -116.000 -263.000 9.440 15 0 0 201203121232A
133.48 37.88 438.77 1.610 1.300 -2.920 -1.930 -8.050 2.860 16 0 0 201203161837A
138.66 28.75 493.94 -3.150 7.290 -4.140 4.710 -14.500 -7.900 16 0 0 201204180537A
98.58 40.66 17.47 -9.860 -41.900 51.800 -18.600 16.500 57.700 15 0 0 201205031019A
138.47 30.75 402.90 -52.600 45.600 6.950 12.300 -68.700 24.900 15 0 0 201205112034A
140.19 27.02 485.23 -784.000 643.000 141.000 -6.480 -433.000 -544.000 14 0 0 201205262000A
122.2 24.48 80.99 4.970 1.650 -6.610 3.670 -3.320 -2.770 17 0 0 201206092100A
100.75 27.72 12.47 -224.000 4.970 219.000 80.200 79.000 -122.000 15 0 0 201206240759A
147.25 49.12 556.01 3.450 -1.020 -2.430 -10.200 -10.700 -2.780 16 0 0 201207090720A
130.31 29.23 34.36 26.400 -8.120 -18.300 9.980 9.300 -11.400 16 0 0 201207091925A
94.45 25.4 41.07 11.400 -70.200 58.800 -5.340 -45.500 81.900 15 0 0 201207141955A
138.9 47.29 506.93 34.600 8.320 -42.900 -20.500 -12.300 -8.800 16 0 0 201207290920A
125.06 25.77 140.60 -5.810 -5.000 10.800 -10.100 -5.470 -6.690 16 0 0 201208080711A
145.7 49.97 598.20 38.400 -18.700 -19.700 -27.400 -5.080 -21.500 19 0 0 201208140259A
126.63 10.35 15.62 79.600 -5.430 -74.200 -6.560 69.300 6.880 15 0 0 201209030214A
104.12 27.47 12.00 17.000 6.940 -23.900 -9.720 -2.310 -17.800 16 0 0 201209070319A
141.78 45.99 328.48 9.610 53.900 -63.500 30.000 -32.400 -4.470 15 0 0 201209220937A
154.81 48.27 46.12 5.310 -3.090 -2.210 1.590 -1.500 -3.680 17 0 0 201210140941A
139.19 29.07 443.04 -1.210 4.580 -3.370 3.530 -7.840 -2.950 17 0 0 201210230853A
163.56 55.74 22.68 23.400 -2.070 -21.300 6.170 16.700 -5.520 16 0 0 201211020152A
96.05 22.6 12.00 28.700 -31.300 2.620 206.000 238.000 773.000 15 0 0 201211111054A
137.91 29.79 506.00 -34.000 11.000 23.000 6.080 -31.800 26.600 16 0 0 201211121115A
90.54 40.62 23.44 3.480 -4.700 1.230 -1.140 1.510 -2.320 16 0 0 201211260533A
122.2 25.81 305.69 -1.220 -1.260 2.480 -1.420 -6.750 -3.170 16 0 0 201212081426A
94.8 22.29 142.17 7.450 -12.500 5.060 -14.800 -6.930 8.990 16 0 0 201212221641A
137.62 31.98 377.48 -20.300 2.510 17.800 -34.700 -77.400 -7.590 15 0 0 201212251708A
94.95 25.09 105.90 59.200 -48.100 -11.100 5.170 -18.900 41.600 16 0 0 201301090141A
99.55 30.95 21.19 -22.500 250.000 -228.000 -21.700 2.250 162.000 15 0 0 201301181242A
140.83 44.45 248.28 -1030.000 9.510 1020.000 848.000 215.000 -940.000 14 0 0 201301221329A
87.75 49.8 19.62 1.070 -6.640 5.570 2.020 2.330 -3.260 16 0 0 201301240735A
143.24 42.85 105.35 -3.270 6.730 -3.470 30.600 -1.630 2.130 18 0 0 201302021417A
139.39 36.89 12.83 -5.480 32.600 -27.100 -4.990 -1.210 -55.500 16 0 0 201302250723A
157.71 50.61 44.29 11.400 -3.490 -7.890 2.610 4.460 -5.450 16 0 0 201303042056A
142.65 45.42 288.40 -2.630 -7.900 10.500 35.500 -29.000 -1.600 15 0 0 201303270125A
86.96 43.52 38.55 -1.700 -72.000 73.600 -117.000 -12.900 125.000 15 0 0 201303290501A
131.02 42.77 571.87 6.560 -2.500 -4.070 1.030 -30.900 4.510 17 0 0 201304051300A
131.05 42.82 575.15 23.800 -8.550 -15.200 2.890 -51.800 10.100 16 0 0 201304060029A
134.69 34.43 18.43 57.200 1.860 -59.000 -4.160 -58.200 11.600 16 0 0 201304122033A
123.09 24.8 12.00 -10.800 12.200 -1.340 4.390 3.430 2.450 16 0 0 201304170643A
141.7 38.51 55.90 76.900 -6.670 -70.200 20.000 59.000 -18.400 16 0 0 201304171203A
103.12 30.22 21.87 95.000 -11.300 -83.700 -3.900 15.600 -45.200 17 0 0 201304200002A
138.88 30.02 429.84 -13.400 15.800 -2.450 1.480 -10.200 5.640 17 0 0 201304210322A
139.18 32.4 220.61 26.300 -24.600 -1.760 9.510 -35.500 -29.400 15 0 0 201304240621A
143.74 37.52 17.59 -1.500 -3.120 4.620 1.720 2.000 1.200 16 0 0 201305061314A
143.95 22.01 156.13 9.730 -3.560 -6.170 -2.850 17.900 -16.900 16 0 0 201305122305A
145.35 18.67 604.72 -104.000 -57.800 162.000 -128.000 7.830 -97.200 17 0 0 201305140032A
160.45 52.15 28.46 5.360 -2.140 -3.220 3.030 2.570 -2.620 16 0 0 201305192351A
153.77 54.61 610.95 -16.700 3.820 12.800 -7.840 -35.700 1.550 20 0 0 201305240544A
151.48 52.36 642.37 -12.700 5.410 7.260 -2.380 -9.490 5.240 18 0 0 201305241456A
151.36 45.38 29.99 8.870 -3.810 -5.060 3.620 7.570 -7.020 16 0 0 201306041101A
86.0 54.28 12.00 8.890 -5.430 -3.460 3.000 -3.120 2.580 16 0 0 201306182302A
104.31 34.6 17.15 61.300 44.100 -105.000 -46.900 1.990 68.700 16 0 0 201307212345A
137.84 31.08 463.95 1.650 8.470 -10.100 -4.880 -8.370 3.280 16 0 0 201307281136A
145.22 46.97 378.01 1.170 3.110 -4.280 -4.680 -3.470 -1.780 17 0 0 201308041556A
97.95 30.02 12.56 -380.000 382.000 -2.060 -103.000 231.000 409.000 15 0 0 201308112123B
97.94 30.02 21.22 -47.300 39.100 8.160 -12.200 29.100 32.300 15 0 0 201308112358A
124.68 6.49 377.58 -9.100 -8.450 17.600 -2.840 -12.800 2.860 16 0 0 201308182234A
99.5 28.14 12.29 -5580.000 7050.000 -1470.000 91.300 -2700.000 -9.940 13 0 0 201308272044A
148.12 47.86 389.29 -3.490 243.000 -240.000 188.000 -361.000 -131.000 15 0 0 201308312352A
133.65 42.19 454.68 -5.320 -20.800 26.100 5.980 -399.000 49.400 15 0 0 201309020251A
138.79 30.02 412.03 -28.000 25.600 2.340 24.100 -61.700 -16.400 17 0 0 201309040018A
122.31 20.24 187.68 -7.590 3.460 4.120 -5.180 2.420 7.170 17 0 0 201309061133A
101.65 37.73 19.54 40.100 -6.790 -33.300 4.530 25.600 18.900 15 0 0 201309192137A
143.66 12.08 12.20 -6.650 -37.200 43.800 -18.200 3.120 -15.500 15 0 0 201309221930A
152.81 53.2 585.52 -107.000 125.000 -18.400 -44.300 -86.600 3.880 17 0 0 201310010338A
141.72 12.14 115.64 53.200 -54.600 1.390 106.000 -80.200 -6.260 16 0 0 201310061638A
123.79 9.82 12.19 35.400 -17.300 -18.100 -21.900 -3.230 -21.300 16 0 0 201310150842A
130.86 43.2 560.32 -38.300 30.200 8.120 68.000 -36.700 -73.500 15 0 0 201310292017A
124.02 44.75 12.00 630.000 212.000 -841.000 -283.000 -189.000 3.070 14 0 0 201310310303A
88.13 35.55 26.49 -5.500 -47.500 53.000 -6.220 -3.390 5.440 15 0 0 201311030702A
136.86 34.35 339.93 30.700 -4.440 -26.200 13.300 -28.200 7.400 16 0 0 201311181910A
145.18 18.54 515.23 -1260.000 227.000 1030.000 -8.290 475.000 272.000 15 0 0 201311191700A
95.2 12.24 12.00 -18.400 14.600 3.770 15.500 1.850 25.800 16 0 0 201311201009A
124.06 44.65 12.00 54.100 41.600 -95.700 -38.300 -26.800 -3.230 15 0 0 201311222204A
86.8 36.75 17.10 -4.820 -19.300 24.100 3.150 6.730 32.200 16 0 0 201311232330A
141.52 42.13 98.94 -44.500 51.600 -7.170 14.100 -8.180 -3.000 15 0 0 201311271745A
143.06 23.09 93.65 1.390 2.600 -3.980 -2.380 1.850 -2.780 16 0 0 201312100127A
89.3 33.96 15.68 -38.800 -3.370 42.100 -15.600 19.200 22.600 15 0 0 201312111614A
138.48 30.27 434.87 -2.240 4.050 -1.810 2.950 -6.410 -1.360 16 0 0 201312181254A
146.96 20.8 14.11 -28.100 5.460 22.700 -7.670 -5.780 -4.650 16 0 0 201312281931A
145.05 43.69 116.13 -1.200 10.800 -9.560 9.190 1.810 -5.010 16 0 0 201501081842A
141.97 48.94 591.38 -61.700 -28.000 89.800 -54.100 -4.980 19.500 15 0 0 201501141209A
113.75 56.21 17.05 -5.140 44.800 -39.700 -9.650 8.840 17.800 15 0 0 201501180641A
146.86 17.95 78.47 -30.900 5.550 25.400 6.370 48.300 -14.800 15 0 0 201501210651A
139.25 29.25 420.75 -32.900 35.700 -2.810 7.920 -85.500 -34.200 15 0 0 201501251041A
147.34 15.26 12.00 30.200 -8.240 -21.900 -2.090 16.100 17.000 16 0 0 201501311229A
124.65 14.11 22.84 17.100 -2.380 -14.700 -6.620 17.400 6.400 16 0 0 201502021513A
93.93 23.97 96.45 7.030 -20.700 13.700 -14.900 5.750 41.600 15 0 0 201502121433A
159.29 52.85 97.08 21.200 1.850 -23.000 -64.200 -153.000 -21.200 15 0 0 201502191632A
142.0 38.41 35.89 95.200 -103.000 8.270 1.840 -486.000 -296.000 14 0 0 201502260111A
99.04 23.49 18.30 31.800 -633.000 601.000 3.470 443.000 597.000 14 0 0 201503011024A
145.62 12.97 18.11 55.900 -26.900 -28.900 7.790 17.100 -42.600 15 0 0 201503120750A
106.39 39.74 25.60 -8.900 -22.200 31.100 31.100 -6.680 200.000 15 0 0 201504150739A
139.94 31.47 12.00 44.400 -27.300 -17.200 -10.600 -28.100 -8.260 16 0 0 201505021650A
135.18 41.9 393.36 19.500 -11.000 -8.540 -8.790 -106.000 -2.020 15 0 0 201505250637A
140.56 27.94 680.70 -38.600 -6.570 45.200 -28.700 56.100 11.000 19 0 0 201505301123A
142.24 41.49 54.03 119.000 -6.040 -112.000 39.400 85.700 -36.600 16 0 0 201506080601A
143.64 39.66 22.02 31.600 -1.800 -29.800 13.200 27.800 -6.350 16 0 0 201506100833A
143.02 21.73 285.94 50.000 -60.100 10.100 -3.120 28.000 12.500 15 0 0 201506180828A
139.85 27.68 458.51 -45.600 22.000 23.600 -4.820 -48.300 -40.600 17 0 0 201506231218A
126.25 10.08 43.83 160.000 21.800 -182.000 32.900 64.800 9.340 16 0 0 201507030643A
145.11 18.89 515.97 -3.510 5.720 -2.210 -6.850 -1.690 15.500 16 0 0 201507152216A
123.94 8.34 619.79 -43.700 -10.200 53.900 -55.900 21.000 -5.260 15 0 0 201508021308A
159.37 55.67 283.88 -281.000 -9.510 291.000 91.200 -243.000 36.900 15 0 0 201510160638A
140.19 27.16 317.73 -19.800 21.400 -1.590 -39.500 4.650 1.800 16 0 0 201510200929A
149.11 48.33 390.95 39.400 -4.240 -35.200 -32.000 -85.000 24.700 15 0 0 201511111818A
147.47 17.26 15.65 14.300 -2.060 -12.200 -6.330 13.000 6.190 16 0 0 201511131221A
145.26 18.82 582.48 -87.800 -25.500 113.000 -50.400 -9.880 -10.300 16 0 0 201511241321A
120.56 17.72 79.89 -9.230 22.600 -13.400 -10.400 120.000 -32.600 15 0 0 201512171244A
124.38 12.93 111.77 3.550 4.660 -8.200 -7.370 1.410 7.060 16 0 0 201512200928A
129.75 44.83 587.42 24.300 8.000 -32.300 -35.000 -36.600 -40.500 16 0 0 201601020422A
120.86 19.23 31.31 -28.900 -3.200 32.100 2.000 36.500 17.300 15 0 0 201601041436A
101.68 37.67 14.31 87.200 -16.600 -70.600 1.960 9.190 44.300 16 0 0 201601201713A
137.54 8.37 13.65 44.000 -13.000 -31.000 4.970 3.690 -24.700 15 0 0 201601270124A
145.53 6.32 21.00 -1.510 5.090 -3.590 1.270 -1.080 4.350 16 0 0 201601300008A
158.73 53.86 168.07 -4.120 5.530 -1.410 -5.160 -3.350 -3.410 19 0 0 201601300325A
138.67 30.43 421.51 -40.000 41.100 -1.100 29.300 -12.900 13.800 16 0 0 201602141809A
140.66 11.19 17.27 107.000 -102.000 -5.160 7.620 -23.800 -19.900 15 0 0 201604121124A
131.12 33.0 13.24 9.750 221.000 -231.000 15.900 -51.200 8.830 15 0 0 201604181142A
147.65 43.66 74.13 -9.010 29.900 -20.900 26.600 18.700 -26.300 16 0 0 201605030000A
129.05 31.14 12.00 -3.750 9.530 -5.780 1.240 6.690 11.800 16 0 0 201605070542A
95.12 31.87 17.10 -176.000 -8.980 185.000 -38.700 -39.600 125.000 15 0 0 201605110115A
145.21 18.56 524.45 -61.900 34.000 27.900 1.840 38.900 8.540 15 0 0 201605242220A
159.63 55.24 13.27 -38.500 50.600 -12.100 33.300 -17.300 -3.910 15 0 0 201606280932A
146.91 47.68 423.22 400.000 197.000 -597.000 67.200 -501.000 7.000 15 0 0 201607230100A
128.71 26.49 24.21 6.640 -2.520 -4.120 4.690 4.770 -3.560 16 0 0 201607251511A
141.91 24.98 522.70 -12.700 5.020 7.680 -5.040 -26.400 -13.700 17 0 0 201608041624A
125.27 6.12 94.35 -63.900 122.000 -58.400 2.090 37.600 -5.270 15 0 0 201608060908A
125.74 5.59 137.15 8.630 28.700 -37.300 98.800 -24.000 62.500 15 0 0 201608100406A
142.3 50.45 12.47 42.800 -5.010 -37.800 6.340 -32.200 20.100 16 0 0 201608141115A
143.82 40.38 20.62 529.000 -3.620 -525.000 519.000 855.000 -135.000 14 0 0 201608201610A
138.89 29.95 408.84 -6.590 16.900 -10.300 23.300 -10.800 5.830 16 0 0 201608220933A
94.58 20.79 88.32 51.800 -22.700 -29.200 44.600 -160.000 4.520 17 0 0 201608241034A
137.78 30.69 473.24 -2.810 6.580 -3.770 4.570 -3.800 4.050 17 0 0 201608251704A
137.96 31.78 343.38 -23.800 -29.900 53.600 -147.000 -137.000 -3.870 15 0 0 201609031226A
129.12 35.79 20.06 2.280 15.500 -17.800 7.240 -2.590 13.900 16 0 0 201609121132A
140.02 27.36 491.11 -3.710 -1.840 5.560 1.660 -49.700 -44.500 16 0 0 201611230959A
137.99 31.8 350.94 -53.000 7.540 45.400 12.500 -90.800 -22.600 15 0 0 201611240035A
160.95 54.35 99.93 4.430 -1.910 -2.520 -3.360 -6.040 3.950 16 0 0 201611250726A
92.27 32.27 24.00 1.920 -105.000 103.000 8.910 19.800 78.400 15 0 0 201612042134A
125.89 10.17 71.71 9.500 14.200 -23.700 64.900 -156.000 -11.400 15 0 0 201612192044A
119.47 16.25 14.08 52.900 8.040 -60.900 -11.200 -53.600 1.530 15 0 0 201612201351A
145.6 21.55 12.00 -45.100 52.000 -6.970 34.200 -50.800 -53.500 16 0 0 201612211643A
92.03 23.98 24.47 -8.160 -242.000 250.000 -16.700 14.100 196.000 15 0 0 201701030909A
132.96 41.76 495.64 -2.630 118.000 -115.000 -29.700 -75.000 55.800 15 0 0 201701121704A
145.23 18.41 355.43 -43.300 8.610 34.700 -16.400 -8.920 -18.100 15 0 0 201702162144A
140.74 35.64 45.26 184.000 -15.500 -168.000 3.290 113.000 -40.400 15 0 0 201702190919A
125.48 9.84 20.33 -1.380 33.100 -31.700 -17.500 -18.700 -24.800 16 0 0 201703050008A
145.31 14.32 107.62 -15.500 12.800 2.760 9.260 -20.200 -8.200 16 0 0 201703130849A
138.38 42.07 12.00 6.800 -4.280 -2.520 -1.120 -3.250 -3.760 16 0 0 201703272231A
85.08 47.28 32.64 1.200 -8.040 6.840 -3.350 1.420 -4.920 16 0 0 201704041507A
127.73 5.65 28.22 44.000 3.740 -47.700 -7.830 31.600 1.930 15 0 0 201704111555A
156.49 49.15 27.15 8.330 -2.890 -5.440 2.410 4.410 -3.650 16 0 0 201704201520A
124.02 9.33 544.58 -2.100 -4.650 6.750 -8.750 3.850 -3.600 17 0 0 201705200106A
147.85 43.88 54.97 15.600 10.900 -26.500 15.500 7.910 -8.540 16 0 0 201705221100A
122.5 19.87 188.99 -27.900 35.000 -7.130 -37.300 19.500 51.100 15 0 0 201706150311A
124.68 11.15 12.00 -9.500 64.700 -55.200 -9.900 -5.730 -23.600 17 0 0 201707060803A
131.56 40.89 556.35 -7.610 66.900 -59.300 -14.700 -46.500 -53.800 16 0 0 201707121948A
93.76 24.34 42.26 9.900 -43.000 33.100 -25.400 -9.780 46.100 15 0 0 201708021818A
125.05 7.88 19.52 1.320 2.880 -4.210 -2.500 -1.940 -6.310 16 0 0 201708050739A
126.84 26.47 17.67 -5.230 3.380 1.860 1.470 3.970 2.610 16 0 0 201708080549A
123.97 9.45 518.23 -5.050 -10.400 15.400 -6.680 -8.400 6.130 16 0 0 201708100043A
139.75 27.79 459.75 -8.360 3.920 4.440 1.590 -10.200 -6.540 17 0 0 201709071726A
160.22 53.11 56.92 8.600 1.010 -9.610 -4.160 -2.460 -5.310 16 0 0 201709291925A
141.52 32.45 18.72 107.000 8.140 -115.000 -7.170 46.400 -2.600 16 0 0 201711090742A
145.76 18.47 189.74 3.350 5.090 -8.440 -5.840 1.200 1.160 16 0 0 201711281738A
140.17 10.03 12.00 -9.050 150.000 -141.000 -12.300 -41.500 -25.200 16 0 0 201712091514A
131.76 30.78 12.00 -221.000 9.630 211.000 86.000 473.000 109.000 14 0 0 201712182328A
142.67 29.17 12.90 79.400 2.170 -81.600 3.980 10.800 -6.560 15 0 0 201712210156A
129.39 29.65 177.43 33.900 -4.380 -29.500 15.400 57.600 22.400 15 0 0 201712310348A
124.89 5.47 25.19 30.000 -14.900 -15.100 39.100 3.780 41.400 15 0 0 201712311453A
140.3 29.66 12.00 -150.000 53.500 96.700 9.940 98.800 -67.100 15 0 0 201801032130A
153.01 52.62 470.55 2.430 16.900 -19.400 22.100 -8.820 -55.100 16 0 0 201801181208A
140.22 26.93 471.58 -5.560 1.880 3.690 -4.130 -11.100 -14.300 16 0 0 201802052056A
121.83 23.94 18.39 13.700 -9.250 -4.400 12.400 9.130 -7.050 16 0 0 201802061915A
146.65 13.66 18.22 -4.680 -3.220 7.900 6.450 4.480 5.630 17 0 0 201802112314A
133.59 6.11 17.03 62.000 -11.400 -50.600 -1.920 -3.100 -15.000 15 0 0 201802120052A
93.15 12.34 73.68 3.710 -6.890 3.180 -3.210 -3.480 2.120 16 0 0 201802130239A
150.23 45.41 102.08 -5.780 4.640 1.140 6.320 3.560 2.700 16 0 0 201803181800A
139.52 43.7 225.99 4.360 -6.440 2.090 -6.170 -3.480 -1.220 16 0 0 201804120756A
151.19 46.48 111.10 -16.000 18.200 -2.260 -30.400 -41.100 -9.560 15 0 0 201804132146A
94.7 22.84 120.62 2.730 -6.960 4.240 -1.370 -3.160 2.070 16 0 0 201804240408A
123.7 6.95 543.08 -3.470 -1.130 4.600 2.050 -5.950 3.520 17 0 0 201805101802A
135.47 34.83 17.30 16.500 18.400 -35.000 2.240 -11.300 -8.690 16 0 0 201806172258A
